<?xml version="1.0" encoding="UTF-8"?>
<testng-results ignored="0" total="1" passed="1" failed="0" skipped="0">
  <reporter-output>
  </reporter-output>
  <suite started-at="2024-02-06T12:30:25 EST" name="Sprint 16" finished-at="2024-02-06T12:30:25 EST" duration-ms="50">
    <groups>
    </groups>
    <test started-at="2024-02-06T12:30:25 EST" name="Login Functionality" finished-at="2024-02-06T12:30:25 EST" duration-ms="50">
      <class name="com.noorteck.testnglecture.ParameterTest">
        <test-method is-config="true" signature="beforeClass(java.lang.String,java.lang.String)[pri:0, instance:com.noorteck.testnglecture.ParameterTest@f5acb9d]" started-at="2024-02-06T12:30:25 EST" name="beforeClass" finished-at="2024-02-06T12:30:25 EST" duration-ms="8" status="PASS">
          <params>
            <param index="0">
              <value>
                <![CDATA[Chrome]]>
              </value>
            </param>
            <param index="1">
              <value>
                <![CDATA[www.google.com]]>
              </value>
            </param>
          </params>
          <reporter-output>
          </reporter-output>
        </test-method> <!-- beforeClass -->
        <test-method signature="f(java.lang.String,java.lang.String,java.lang.String)[pri:0, instance:com.noorteck.testnglecture.ParameterTest@f5acb9d]" started-at="2024-02-06T12:30:25 EST" name="f" finished-at="2024-02-06T12:30:25 EST" duration-ms="6" status="PASS">
          <params>
            <param index="0">
              <value>
                <![CDATA[admin]]>
              </value>
            </param>
            <param index="1">
              <value>
                <![CDATA[psw123]]>
              </value>
            </param>
            <param index="2">
              <value>
                <![CDATA[XYZabc]]>
              </value>
            </param>
          </params>
          <reporter-output>
          </reporter-output>
        </test-method> <!-- f -->
        <test-method is-config="true" signature="afterClass()[pri:0, instance:com.noorteck.testnglecture.ParameterTest@f5acb9d]" started-at="2024-02-06T12:30:25 EST" name="afterClass" finished-at="2024-02-06T12:30:25 EST" duration-ms="0" status="PASS">
          <reporter-output>
          </reporter-output>
        </test-method> <!-- afterClass -->
      </class> <!-- com.noorteck.testnglecture.ParameterTest -->
    </test> <!-- Login Functionality -->
  </suite> <!-- Sprint 16 -->
</testng-results>
