<?xml version="1.0" encoding="UTF-8"?>
<!-- Generated by org.testng.reporters.JUnitXMLReporter -->
<testsuite ignored="0" hostname="DESKTOP-26OB3J1" failures="0" tests="9" name="Register Functionality" time="0.123" errors="0" timestamp="2024-02-02T19:33:02 EST">
  <testcase classname="com.noorteck.testnglecture.GroupingTest" name="basketball" time="0.009"/>
  <testcase classname="com.noorteck.testnglecture.GroupingTest" name="benz" time="0.002"/>
  <testcase classname="com.noorteck.testnglecture.GroupingTest" name="football" time="0.004"/>
  <testcase classname="com.noorteck.testnglecture.GroupingTest" name="honda" time="0.002"/>
  <testcase classname="com.noorteck.testnglecture.GroupingTest" name="rice" time="0.002"/>
  <testcase classname="com.noorteck.testnglecture.GroupingTest" name="sandwich" time="0.001"/>
  <testcase classname="com.noorteck.testnglecture.GroupingTest" name="soccer" time="0.002"/>
  <testcase classname="com.noorteck.testnglecture.GroupingTest" name="taco" time="0.002"/>
  <testcase classname="com.noorteck.testnglecture.GroupingTest" name="tesla" time="0.003"/>
</testsuite> <!-- Register Functionality -->
